2024-03-12 14:49:10,118 - INFO - Starting SyncFolder with source dir: test_source_dir/, replica dir: test_replica_dir/, interval: 5 seconds
2024-03-12 14:49:10,118 - INFO - Starting synchronization...
2024-03-12 14:49:10,118 - INFO - Copied file test_source_dir/file.txt to test_replica_dir/file.txt with preserved permissions
2024-03-12 14:49:10,119 - INFO - Created symbolic link test_replica_dir/link_to_file.txt -> file.txt
2024-03-12 14:49:10,119 - INFO - Created symbolic link test_replica_dir/link_to_subdir -> subdir
2024-03-12 14:49:10,119 - INFO - Created directory test_replica_dir/subdir with preserved permissions
2024-03-12 14:49:10,120 - INFO - Synchronization complete. Waiting for next 5 seconds.
2024-03-12 14:49:15,122 - INFO - Starting synchronization...
2024-03-12 14:49:15,124 - INFO - Synchronization complete. Waiting for next 5 seconds.
2024-03-12 14:49:20,125 - INFO - Starting synchronization...
2024-03-12 14:49:20,127 - INFO - Synchronization complete. Waiting for next 5 seconds.
2024-03-12 14:49:25,132 - INFO - Starting synchronization...
2024-03-12 14:49:25,135 - INFO - Synchronization complete. Waiting for next 5 seconds.
2024-03-12 14:49:30,138 - INFO - Starting synchronization...
2024-03-12 14:49:30,140 - INFO - Removed file test_replica_dir/file.txt
2024-03-12 14:49:30,141 - INFO - Synchronization complete. Waiting for next 5 seconds.
2024-03-12 14:49:35,145 - INFO - Starting synchronization...
2024-03-12 14:49:35,146 - INFO - Synchronization complete. Waiting for next 5 seconds.
2024-03-12 14:49:40,152 - INFO - Starting synchronization...
2024-03-12 14:49:40,153 - INFO - Synchronization complete. Waiting for next 5 seconds.
2024-03-12 14:49:45,159 - INFO - Starting synchronization...
2024-03-12 14:49:45,161 - INFO - Synchronization complete. Waiting for next 5 seconds.
2024-03-12 14:49:50,165 - INFO - Starting synchronization...
2024-03-12 14:49:50,167 - INFO - Synchronization complete. Waiting for next 5 seconds.
2024-03-12 14:49:55,172 - INFO - Starting synchronization...
2024-03-12 14:49:55,174 - INFO - Copied file test_source_dir/file.txt to test_replica_dir/file.txt with preserved permissions
2024-03-12 14:49:55,175 - INFO - Synchronization complete. Waiting for next 5 seconds.
2024-03-12 14:50:00,178 - INFO - Starting synchronization...
2024-03-12 14:50:00,181 - INFO - Synchronization complete. Waiting for next 5 seconds.
2024-03-12 14:50:05,185 - INFO - Starting synchronization...
2024-03-12 14:50:05,187 - INFO - Synchronization complete. Waiting for next 5 seconds.
2024-03-12 14:50:10,192 - INFO - Starting synchronization...
2024-03-12 14:50:10,194 - INFO - Synchronization complete. Waiting for next 5 seconds.
2024-03-12 14:50:15,198 - INFO - Starting synchronization...
2024-03-12 14:50:15,202 - INFO - Synchronization complete. Waiting for next 5 seconds.
2024-03-12 14:50:20,208 - INFO - Starting synchronization...
2024-03-12 14:50:20,210 - INFO - Synchronization complete. Waiting for next 5 seconds.
2024-03-12 14:50:25,215 - INFO - Starting synchronization...
2024-03-12 14:50:25,218 - INFO - Synchronization complete. Waiting for next 5 seconds.
2024-03-12 14:50:30,222 - INFO - Starting synchronization...
2024-03-12 14:50:30,225 - INFO - Copied file test_source_dir/file.txt to test_replica_dir/file.txt with preserved permissions
2024-03-12 14:50:30,226 - INFO - Created symbolic link test_replica_dir/link_to_file.txt -> file.txt
2024-03-12 14:50:30,228 - INFO - Synchronization complete. Waiting for next 5 seconds.
2024-03-12 14:50:35,234 - INFO - Starting synchronization...
2024-03-12 14:50:35,236 - INFO - Synchronization complete. Waiting for next 5 seconds.
2024-03-12 14:50:40,241 - INFO - Starting synchronization...
2024-03-12 14:50:40,241 - INFO - Synchronization complete. Waiting for next 5 seconds.
2024-03-12 14:50:45,247 - INFO - Starting synchronization...
2024-03-12 14:50:45,248 - INFO - Synchronization complete. Waiting for next 5 seconds.
2024-03-12 14:50:50,254 - INFO - Starting synchronization...
2024-03-12 14:50:50,256 - INFO - Synchronization complete. Waiting for next 5 seconds.
2024-03-12 14:50:55,259 - INFO - Starting synchronization...
2024-03-12 14:50:55,262 - INFO - Synchronization complete. Waiting for next 5 seconds.
2024-03-12 14:51:00,265 - INFO - Starting synchronization...
2024-03-12 14:51:00,267 - INFO - Copied file test_source_dir/file.txt to test_replica_dir/file.txt with preserved permissions
2024-03-12 14:51:00,268 - INFO - Created symbolic link test_replica_dir/link_to_file.txt -> file.txt
2024-03-12 14:51:00,270 - INFO - Synchronization complete. Waiting for next 5 seconds.
2024-03-12 14:51:05,275 - INFO - Starting synchronization...
2024-03-12 14:51:05,277 - INFO - Synchronization complete. Waiting for next 5 seconds.
2024-03-12 14:51:10,282 - INFO - Starting synchronization...
2024-03-12 14:51:10,284 - INFO - Synchronization complete. Waiting for next 5 seconds.
2024-03-12 14:51:15,289 - INFO - Starting synchronization...
2024-03-12 14:51:15,291 - INFO - Copied file test_source_dir/file.txt to test_replica_dir/file.txt with preserved permissions
2024-03-12 14:51:15,293 - INFO - Created symbolic link test_replica_dir/link_to_file.txt -> file.txt
2024-03-12 14:51:15,294 - INFO - Synchronization complete. Waiting for next 5 seconds.
2024-03-12 14:51:20,298 - INFO - Starting synchronization...
2024-03-12 14:51:20,300 - INFO - Synchronization complete. Waiting for next 5 seconds.
2024-03-12 14:51:25,305 - INFO - Starting synchronization...
2024-03-12 14:51:25,307 - INFO - Synchronization complete. Waiting for next 5 seconds.
2024-03-12 14:51:30,312 - INFO - Starting synchronization...
2024-03-12 14:51:30,313 - INFO - Synchronization complete. Waiting for next 5 seconds.
